
> fyndr@0.1.0 build
> next build

  ▲ Next.js 14.2.28
  - Environments: .env
  - Experiments (use with caution):
    · outputFileTracingRoot

   Creating an optimized production build ...
 ✓ Compiled successfully
   Skipping linting
   Checking validity of types ...
   Collecting page data ...
   Generating static pages (0/66) ...
RFP list error: n [Error]: Dynamic server usage: Route /api/dashboard/rfps couldn't be rendered statically because it used `headers`. See more info here: https://nextjs.org/docs/messages/dynamic-server-error
    at l (/home/ubuntu/fyndr/nextjs_space/.build/server/chunks/9276.js:1:37220)
    at d (/home/ubuntu/fyndr/nextjs_space/.build/server/chunks/9637.js:25:27870)
    at s (/home/ubuntu/fyndr/nextjs_space/.build/server/chunks/9637.js:25:20859)
    at d (/home/ubuntu/fyndr/nextjs_space/.build/server/app/api/dashboard/rfps/route.js:1:1306)
    at /home/ubuntu/fyndr/nextjs_space/node_modules/next/dist/compiled/next-server/app-route.runtime.prod.js:6:38417
    at /home/ubuntu/fyndr/nextjs_space/node_modules/next/dist/server/lib/trace/tracer.js:140:36
    at NoopContextManager.with (/home/ubuntu/fyndr/nextjs_space/node_modules/next/dist/compiled/@opentelemetry/api/index.js:1:7062)
    at ContextAPI.with (/home/ubuntu/fyndr/nextjs_space/node_modules/next/dist/compiled/@opentelemetry/api/index.js:1:518)
    at NoopTracer.startActiveSpan (/home/ubuntu/fyndr/nextjs_space/node_modules/next/dist/compiled/@opentelemetry/api/index.js:1:18093)
    at ProxyTracer.startActiveSpan (/home/ubuntu/fyndr/nextjs_space/node_modules/next/dist/compiled/@opentelemetry/api/index.js:1:18854)
    at /home/ubuntu/fyndr/nextjs_space/node_modules/next/dist/server/lib/trace/tracer.js:122:103
    at NoopContextManager.with (/home/ubuntu/fyndr/nextjs_space/node_modules/next/dist/compiled/@opentelemetry/api/index.js:1:7062)
    at ContextAPI.with (/home/ubuntu/fyndr/nextjs_space/node_modules/next/dist/compiled/@opentelemetry/api/index.js:1:518)
    at NextTracerImpl.trace (/home/ubuntu/fyndr/nextjs_space/node_modules/next/dist/server/lib/trace/tracer.js:122:28)
    at /home/ubuntu/fyndr/nextjs_space/node_modules/next/dist/compiled/next-server/app-route.runtime.prod.js:6:29925
    at AsyncLocalStorage.run (node:internal/async_local_storage/async_hooks:91:14) {
  description: "Route /api/dashboard/rfps couldn't be rendered statically because it used `headers`. See more info here: https://nextjs.org/docs/messages/dynamic-server-error",
  digest: 'DYNAMIC_SERVER_USAGE'
}
Error fetching global activity logs: n [Error]: Dynamic server usage: Route /api/dashboard/activity couldn't be rendered statically because it used `headers`. See more info here: https://nextjs.org/docs/messages/dynamic-server-error
    at l (/home/ubuntu/fyndr/nextjs_space/.build/server/chunks/9276.js:1:37220)
    at d (/home/ubuntu/fyndr/nextjs_space/.build/server/chunks/9637.js:25:27870)
    at s (/home/ubuntu/fyndr/nextjs_space/.build/server/chunks/9637.js:25:20859)
    at u (/home/ubuntu/fyndr/nextjs_space/.build/server/app/api/dashboard/activity/route.js:1:1328)
    at /home/ubuntu/fyndr/nextjs_space/node_modules/next/dist/compiled/next-server/app-route.runtime.prod.js:6:38417
    at /home/ubuntu/fyndr/nextjs_space/node_modules/next/dist/server/lib/trace/tracer.js:140:36
    at NoopContextManager.with (/home/ubuntu/fyndr/nextjs_space/node_modules/next/dist/compiled/@opentelemetry/api/index.js:1:7062)
    at ContextAPI.with (/home/ubuntu/fyndr/nextjs_space/node_modules/next/dist/compiled/@opentelemetry/api/index.js:1:518)
    at NoopTracer.startActiveSpan (/home/ubuntu/fyndr/nextjs_space/node_modules/next/dist/compiled/@opentelemetry/api/index.js:1:18093)
    at ProxyTracer.startActiveSpan (/home/ubuntu/fyndr/nextjs_space/node_modules/next/dist/compiled/@opentelemetry/api/index.js:1:18854) {
  description: "Route /api/dashboard/activity couldn't be rendered statically because it used `headers`. See more info here: https://nextjs.org/docs/messages/dynamic-server-error",
  digest: 'DYNAMIC_SERVER_USAGE'
}
[GET /api/dashboard/portfolio/suppliers] Error: n [Error]: Dynamic server usage: Route /api/dashboard/portfolio/suppliers couldn't be rendered statically because it used `headers`. See more info here: https://nextjs.org/docs/messages/dynamic-server-error
    at l (/home/ubuntu/fyndr/nextjs_space/.build/server/chunks/9276.js:1:37220)
    at d (/home/ubuntu/fyndr/nextjs_space/.build/server/chunks/9637.js:25:27870)
    at s (/home/ubuntu/fyndr/nextjs_space/.build/server/chunks/9637.js:25:20859)
    at c (/home/ubuntu/fyndr/nextjs_space/.build/server/app/api/dashboard/portfolio/suppliers/route.js:1:1317)
    at /home/ubuntu/fyndr/nextjs_space/node_modules/next/dist/compiled/next-server/app-route.runtime.prod.js:6:38417
    at /home/ubuntu/fyndr/nextjs_space/node_modules/next/dist/server/lib/trace/tracer.js:140:36
    at NoopContextManager.with (/home/ubuntu/fyndr/nextjs_space/node_modules/next/dist/compiled/@opentelemetry/api/index.js:1:7062)
    at ContextAPI.with (/home/ubuntu/fyndr/nextjs_space/node_modules/next/dist/compiled/@opentelemetry/api/index.js:1:518)
    at NoopTracer.startActiveSpan (/home/ubuntu/fyndr/nextjs_space/node_modules/next/dist/compiled/@opentelemetry/api/index.js:1:18093)
    at ProxyTracer.startActiveSpan (/home/ubuntu/fyndr/nextjs_space/node_modules/next/dist/compiled/@opentelemetry/api/index.js:1:18854) {
  description: "Route /api/dashboard/portfolio/suppliers couldn't be rendered statically because it used `headers`. See more info here: https://nextjs.org/docs/messages/dynamic-server-error",
  digest: 'DYNAMIC_SERVER_USAGE'
}
[GET /api/dashboard/portfolio/risks] Error: n [Error]: Dynamic server usage: Route /api/dashboard/portfolio/risks couldn't be rendered statically because it used `headers`. See more info here: https://nextjs.org/docs/messages/dynamic-server-error
    at l (/home/ubuntu/fyndr/nextjs_space/.build/server/chunks/9276.js:1:37220)
    at d (/home/ubuntu/fyndr/nextjs_space/.build/server/chunks/9637.js:25:27870)
    at s (/home/ubuntu/fyndr/nextjs_space/.build/server/chunks/9637.js:25:20859)
    at c (/home/ubuntu/fyndr/nextjs_space/.build/server/app/api/dashboard/portfolio/risks/route.js:1:1315)
    at /home/ubuntu/fyndr/nextjs_space/node_modules/next/dist/compiled/next-server/app-route.runtime.prod.js:6:38417
    at /home/ubuntu/fyndr/nextjs_space/node_modules/next/dist/server/lib/trace/tracer.js:140:36
    at NoopContextManager.with (/home/ubuntu/fyndr/nextjs_space/node_modules/next/dist/compiled/@opentelemetry/api/index.js:1:7062)
    at ContextAPI.with (/home/ubuntu/fyndr/nextjs_space/node_modules/next/dist/compiled/@opentelemetry/api/index.js:1:518)
    at NoopTracer.startActiveSpan (/home/ubuntu/fyndr/nextjs_space/node_modules/next/dist/compiled/@opentelemetry/api/index.js:1:18093)
    at ProxyTracer.startActiveSpan (/home/ubuntu/fyndr/nextjs_space/node_modules/next/dist/compiled/@opentelemetry/api/index.js:1:18854) {
  description: "Route /api/dashboard/portfolio/risks couldn't be rendered statically because it used `headers`. See more info here: https://nextjs.org/docs/messages/dynamic-server-error",
  digest: 'DYNAMIC_SERVER_USAGE'
}
[GET /api/dashboard/portfolio/overview] Error: n [Error]: Dynamic server usage: Route /api/dashboard/portfolio/overview couldn't be rendered statically because it used `headers`. See more info here: https://nextjs.org/docs/messages/dynamic-server-error
    at l (/home/ubuntu/fyndr/nextjs_space/.build/server/chunks/9276.js:1:37220)
    at d (/home/ubuntu/fyndr/nextjs_space/.build/server/chunks/9637.js:25:27870)
    at s (/home/ubuntu/fyndr/nextjs_space/.build/server/chunks/9637.js:25:20859)
    at g (/home/ubuntu/fyndr/nextjs_space/.build/server/app/api/dashboard/portfolio/overview/route.js:1:1317)
    at /home/ubuntu/fyndr/nextjs_space/node_modules/next/dist/compiled/next-server/app-route.runtime.prod.js:6:38417
    at /home/ubuntu/fyndr/nextjs_space/node_modules/next/dist/server/lib/trace/tracer.js:140:36
    at NoopContextManager.with (/home/ubuntu/fyndr/nextjs_space/node_modules/next/dist/compiled/@opentelemetry/api/index.js:1:7062)
    at ContextAPI.with (/home/ubuntu/fyndr/nextjs_space/node_modules/next/dist/compiled/@opentelemetry/api/index.js:1:518)
    at NoopTracer.startActiveSpan (/home/ubuntu/fyndr/nextjs_space/node_modules/next/dist/compiled/@opentelemetry/api/index.js:1:18093)
    at ProxyTracer.startActiveSpan (/home/ubuntu/fyndr/nextjs_space/node_modules/next/dist/compiled/@opentelemetry/api/index.js:1:18854)
    at /home/ubuntu/fyndr/nextjs_space/node_modules/next/dist/server/lib/trace/tracer.js:122:103
    at NoopContextManager.with (/home/ubuntu/fyndr/nextjs_space/node_modules/next/dist/compiled/@opentelemetry/api/index.js:1:7062)
    at ContextAPI.with (/home/ubuntu/fyndr/nextjs_space/node_modules/next/dist/compiled/@opentelemetry/api/index.js:1:518)
    at NextTracerImpl.trace (/home/ubuntu/fyndr/nextjs_space/node_modules/next/dist/server/lib/trace/tracer.js:122:28)
    at /home/ubuntu/fyndr/nextjs_space/node_modules/next/dist/compiled/next-server/app-route.runtime.prod.js:6:29925
    at AsyncLocalStorage.run (node:internal/async_local_storage/async_hooks:91:14) {
  description: "Route /api/dashboard/portfolio/overview couldn't be rendered statically because it used `headers`. See more info here: https://nextjs.org/docs/messages/dynamic-server-error",
  digest: 'DYNAMIC_SERVER_USAGE'
}
Coverage widget error: n [Error]: Dynamic server usage: Route /api/dashboard/widgets/coverage couldn't be rendered statically because it used `headers`. See more info here: https://nextjs.org/docs/messages/dynamic-server-error
    at l (/home/ubuntu/fyndr/nextjs_space/.build/server/chunks/9276.js:1:37220)
    at d (/home/ubuntu/fyndr/nextjs_space/.build/server/chunks/9637.js:25:27870)
    at s (/home/ubuntu/fyndr/nextjs_space/.build/server/chunks/9637.js:25:20859)
    at d (/home/ubuntu/fyndr/nextjs_space/.build/server/app/api/dashboard/widgets/coverage/route.js:1:1306)
    at /home/ubuntu/fyndr/nextjs_space/node_modules/next/dist/compiled/next-server/app-route.runtime.prod.js:6:38417
    at /home/ubuntu/fyndr/nextjs_space/node_modules/next/dist/server/lib/trace/tracer.js:140:36
    at NoopContextManager.with (/home/ubuntu/fyndr/nextjs_space/node_modules/next/dist/compiled/@opentelemetry/api/index.js:1:7062)
    at ContextAPI.with (/home/ubuntu/fyndr/nextjs_space/node_modules/next/dist/compiled/@opentelemetry/api/index.js:1:518)
    at NoopTracer.startActiveSpan (/home/ubuntu/fyndr/nextjs_space/node_modules/next/dist/compiled/@opentelemetry/api/index.js:1:18093)
    at ProxyTracer.startActiveSpan (/home/ubuntu/fyndr/nextjs_space/node_modules/next/dist/compiled/@opentelemetry/api/index.js:1:18854) {
  description: "Route /api/dashboard/widgets/coverage couldn't be rendered statically because it used `headers`. See more info here: https://nextjs.org/docs/messages/dynamic-server-error",
  digest: 'DYNAMIC_SERVER_USAGE'
}
Exports widget error: n [Error]: Dynamic server usage: Route /api/dashboard/widgets/exports couldn't be rendered statically because it used `headers`. See more info here: https://nextjs.org/docs/messages/dynamic-server-error
    at l (/home/ubuntu/fyndr/nextjs_space/.build/server/chunks/9276.js:1:37220)
    at d (/home/ubuntu/fyndr/nextjs_space/.build/server/chunks/9637.js:25:27870)
    at s (/home/ubuntu/fyndr/nextjs_space/.build/server/chunks/9637.js:25:20859)
    at u (/home/ubuntu/fyndr/nextjs_space/.build/server/app/api/dashboard/widgets/exports/route.js:1:1293)
    at /home/ubuntu/fyndr/nextjs_space/node_modules/next/dist/compiled/next-server/app-route.runtime.prod.js:6:38417
    at /home/ubuntu/fyndr/nextjs_space/node_modules/next/dist/server/lib/trace/tracer.js:140:36
    at NoopContextManager.with (/home/ubuntu/fyndr/nextjs_space/node_modules/next/dist/compiled/@opentelemetry/api/index.js:1:7062)
    at ContextAPI.with (/home/ubuntu/fyndr/nextjs_space/node_modules/next/dist/compiled/@opentelemetry/api/index.js:1:518)
    at NoopTracer.startActiveSpan (/home/ubuntu/fyndr/nextjs_space/node_modules/next/dist/compiled/@opentelemetry/api/index.js:1:18093)
    at ProxyTracer.startActiveSpan (/home/ubuntu/fyndr/nextjs_space/node_modules/next/dist/compiled/@opentelemetry/api/index.js:1:18854)
    at /home/ubuntu/fyndr/nextjs_space/node_modules/next/dist/server/lib/trace/tracer.js:122:103
    at NoopContextManager.with (/home/ubuntu/fyndr/nextjs_space/node_modules/next/dist/compiled/@opentelemetry/api/index.js:1:7062)
    at ContextAPI.with (/home/ubuntu/fyndr/nextjs_space/node_modules/next/dist/compiled/@opentelemetry/api/index.js:1:518)
    at NextTracerImpl.trace (/home/ubuntu/fyndr/nextjs_space/node_modules/next/dist/server/lib/trace/tracer.js:122:28)
    at /home/ubuntu/fyndr/nextjs_space/node_modules/next/dist/compiled/next-server/app-route.runtime.prod.js:6:29925
    at AsyncLocalStorage.run (node:internal/async_local_storage/async_hooks:91:14) {
  description: "Route /api/dashboard/widgets/exports couldn't be rendered statically because it used `headers`. See more info here: https://nextjs.org/docs/messages/dynamic-server-error",
  digest: 'DYNAMIC_SERVER_USAGE'
}
Pricing widget error: n [Error]: Dynamic server usage: Route /api/dashboard/widgets/pricing couldn't be rendered statically because it used `headers`. See more info here: https://nextjs.org/docs/messages/dynamic-server-error
    at l (/home/ubuntu/fyndr/nextjs_space/.build/server/chunks/9276.js:1:37220)
    at d (/home/ubuntu/fyndr/nextjs_space/.build/server/chunks/9637.js:25:27870)
    at s (/home/ubuntu/fyndr/nextjs_space/.build/server/chunks/9637.js:25:20859)
    at d (/home/ubuntu/fyndr/nextjs_space/.build/server/app/api/dashboard/widgets/pricing/route.js:1:1306)
    at /home/ubuntu/fyndr/nextjs_space/node_modules/next/dist/compiled/next-server/app-route.runtime.prod.js:6:38417
    at /home/ubuntu/fyndr/nextjs_space/node_modules/next/dist/server/lib/trace/tracer.js:140:36
    at NoopContextManager.with (/home/ubuntu/fyndr/nextjs_space/node_modules/next/dist/compiled/@opentelemetry/api/index.js:1:7062)
    at ContextAPI.with (/home/ubuntu/fyndr/nextjs_space/node_modules/next/dist/compiled/@opentelemetry/api/index.js:1:518)
    at NoopTracer.startActiveSpan (/home/ubuntu/fyndr/nextjs_space/node_modules/next/dist/compiled/@opentelemetry/api/index.js:1:18093)
    at ProxyTracer.startActiveSpan (/home/ubuntu/fyndr/nextjs_space/node_modules/next/dist/compiled/@opentelemetry/api/index.js:1:18854) {
  description: "Route /api/dashboard/widgets/pricing couldn't be rendered statically because it used `headers`. See more info here: https://nextjs.org/docs/messages/dynamic-server-error",
  digest: 'DYNAMIC_SERVER_USAGE'
}
Questions widget error: n [Error]: Dynamic server usage: Route /api/dashboard/widgets/questions couldn't be rendered statically because it used `headers`. See more info here: https://nextjs.org/docs/messages/dynamic-server-error
    at l (/home/ubuntu/fyndr/nextjs_space/.build/server/chunks/9276.js:1:37220)
    at d (/home/ubuntu/fyndr/nextjs_space/.build/server/chunks/9637.js:25:27870)
    at s (/home/ubuntu/fyndr/nextjs_space/.build/server/chunks/9637.js:25:20859)
    at d (/home/ubuntu/fyndr/nextjs_space/.build/server/app/api/dashboard/widgets/questions/route.js:1:1304)
    at /home/ubuntu/fyndr/nextjs_space/node_modules/next/dist/compiled/next-server/app-route.runtime.prod.js:6:38417
    at /home/ubuntu/fyndr/nextjs_space/node_modules/next/dist/server/lib/trace/tracer.js:140:36
    at NoopContextManager.with (/home/ubuntu/fyndr/nextjs_space/node_modules/next/dist/compiled/@opentelemetry/api/index.js:1:7062)
    at ContextAPI.with (/home/ubuntu/fyndr/nextjs_space/node_modules/next/dist/compiled/@opentelemetry/api/index.js:1:518)
    at NoopTracer.startActiveSpan (/home/ubuntu/fyndr/nextjs_space/node_modules/next/dist/compiled/@opentelemetry/api/index.js:1:18093)
    at ProxyTracer.startActiveSpan (/home/ubuntu/fyndr/nextjs_space/node_modules/next/dist/compiled/@opentelemetry/api/index.js:1:18854)
    at /home/ubuntu/fyndr/nextjs_space/node_modules/next/dist/server/lib/trace/tracer.js:122:103
    at NoopContextManager.with (/home/ubuntu/fyndr/nextjs_space/node_modules/next/dist/compiled/@opentelemetry/api/index.js:1:7062)
    at ContextAPI.with (/home/ubuntu/fyndr/nextjs_space/node_modules/next/dist/compiled/@opentelemetry/api/index.js:1:518)
    at NextTracerImpl.trace (/home/ubuntu/fyndr/nextjs_space/node_modules/next/dist/server/lib/trace/tracer.js:122:28)
    at /home/ubuntu/fyndr/nextjs_space/node_modules/next/dist/compiled/next-server/app-route.runtime.prod.js:6:29925
    at AsyncLocalStorage.run (node:internal/async_local_storage/async_hooks:91:14) {
  description: "Route /api/dashboard/widgets/questions couldn't be rendered statically because it used `headers`. See more info here: https://nextjs.org/docs/messages/dynamic-server-error",
  digest: 'DYNAMIC_SERVER_USAGE'
}
Error exporting RFPs: n [Error]: Dynamic server usage: Route /api/dashboard/rfps/export couldn't be rendered statically because it used `headers`. See more info here: https://nextjs.org/docs/messages/dynamic-server-error
    at l (/home/ubuntu/fyndr/nextjs_space/.build/server/chunks/9276.js:1:37220)
    at d (/home/ubuntu/fyndr/nextjs_space/.build/server/chunks/9637.js:25:27870)
    at s (/home/ubuntu/fyndr/nextjs_space/.build/server/chunks/9637.js:25:20859)
    at c (/home/ubuntu/fyndr/nextjs_space/.build/server/app/api/dashboard/rfps/export/route.js:1:2081)
    at /home/ubuntu/fyndr/nextjs_space/node_modules/next/dist/compiled/next-server/app-route.runtime.prod.js:6:38417
    at /home/ubuntu/fyndr/nextjs_space/node_modules/next/dist/server/lib/trace/tracer.js:140:36
    at NoopContextManager.with (/home/ubuntu/fyndr/nextjs_space/node_modules/next/dist/compiled/@opentelemetry/api/index.js:1:7062)
    at ContextAPI.with (/home/ubuntu/fyndr/nextjs_space/node_modules/next/dist/compiled/@opentelemetry/api/index.js:1:518)
    at NoopTracer.startActiveSpan (/home/ubuntu/fyndr/nextjs_space/node_modules/next/dist/compiled/@opentelemetry/api/index.js:1:18093)
    at ProxyTracer.startActiveSpan (/home/ubuntu/fyndr/nextjs_space/node_modules/next/dist/compiled/@opentelemetry/api/index.js:1:18854)
    at /home/ubuntu/fyndr/nextjs_space/node_modules/next/dist/server/lib/trace/tracer.js:122:103
    at NoopContextManager.with (/home/ubuntu/fyndr/nextjs_space/node_modules/next/dist/compiled/@opentelemetry/api/index.js:1:7062)
    at ContextAPI.with (/home/ubuntu/fyndr/nextjs_space/node_modules/next/dist/compiled/@opentelemetry/api/index.js:1:518)
    at NextTracerImpl.trace (/home/ubuntu/fyndr/nextjs_space/node_modules/next/dist/server/lib/trace/tracer.js:122:28)
    at /home/ubuntu/fyndr/nextjs_space/node_modules/next/dist/compiled/next-server/app-route.runtime.prod.js:6:29925
    at AsyncLocalStorage.run (node:internal/async_local_storage/async_hooks:91:14) {
  description: "Route /api/dashboard/rfps/export couldn't be rendered statically because it used `headers`. See more info here: https://nextjs.org/docs/messages/dynamic-server-error",
  digest: 'DYNAMIC_SERVER_USAGE'
}
Comparison widget error: n [Error]: Dynamic server usage: Route /api/dashboard/widgets/comparison couldn't be rendered statically because it used `headers`. See more info here: https://nextjs.org/docs/messages/dynamic-server-error
    at l (/home/ubuntu/fyndr/nextjs_space/.build/server/chunks/9276.js:1:37220)
    at d (/home/ubuntu/fyndr/nextjs_space/.build/server/chunks/9637.js:25:27870)
    at s (/home/ubuntu/fyndr/nextjs_space/.build/server/chunks/9637.js:25:20859)
    at d (/home/ubuntu/fyndr/nextjs_space/.build/server/app/api/dashboard/widgets/comparison/route.js:1:1306)
    at /home/ubuntu/fyndr/nextjs_space/node_modules/next/dist/compiled/next-server/app-route.runtime.prod.js:6:38417
    at /home/ubuntu/fyndr/nextjs_space/node_modules/next/dist/server/lib/trace/tracer.js:140:36
    at NoopContextManager.with (/home/ubuntu/fyndr/nextjs_space/node_modules/next/dist/compiled/@opentelemetry/api/index.js:1:7062)
    at ContextAPI.with (/home/ubuntu/fyndr/nextjs_space/node_modules/next/dist/compiled/@opentelemetry/api/index.js:1:518)
    at NoopTracer.startActiveSpan (/home/ubuntu/fyndr/nextjs_space/node_modules/next/dist/compiled/@opentelemetry/api/index.js:1:18093)
    at ProxyTracer.startActiveSpan (/home/ubuntu/fyndr/nextjs_space/node_modules/next/dist/compiled/@opentelemetry/api/index.js:1:18854) {
  description: "Route /api/dashboard/widgets/comparison couldn't be rendered statically because it used `headers`. See more info here: https://nextjs.org/docs/messages/dynamic-server-error",
  digest: 'DYNAMIC_SERVER_USAGE'
}
AI Summary widget error: n [Error]: Dynamic server usage: Route /api/dashboard/widgets/ai-summary couldn't be rendered statically because it used `headers`. See more info here: https://nextjs.org/docs/messages/dynamic-server-error
    at l (/home/ubuntu/fyndr/nextjs_space/.build/server/chunks/9276.js:1:37220)
    at d (/home/ubuntu/fyndr/nextjs_space/.build/server/chunks/9637.js:25:27870)
    at s (/home/ubuntu/fyndr/nextjs_space/.build/server/chunks/9637.js:25:20859)
    at c (/home/ubuntu/fyndr/nextjs_space/.build/server/app/api/dashboard/widgets/ai-summary/route.js:1:1317)
    at /home/ubuntu/fyndr/nextjs_space/node_modules/next/dist/compiled/next-server/app-route.runtime.prod.js:6:38417
    at /home/ubuntu/fyndr/nextjs_space/node_modules/next/dist/server/lib/trace/tracer.js:140:36
    at NoopContextManager.with (/home/ubuntu/fyndr/nextjs_space/node_modules/next/dist/compiled/@opentelemetry/api/index.js:1:7062)
    at ContextAPI.with (/home/ubuntu/fyndr/nextjs_space/node_modules/next/dist/compiled/@opentelemetry/api/index.js:1:518)
    at NoopTracer.startActiveSpan (/home/ubuntu/fyndr/nextjs_space/node_modules/next/dist/compiled/@opentelemetry/api/index.js:1:18093)
    at ProxyTracer.startActiveSpan (/home/ubuntu/fyndr/nextjs_space/node_modules/next/dist/compiled/@opentelemetry/api/index.js:1:18854) {
  description: "Route /api/dashboard/widgets/ai-summary couldn't be rendered statically because it used `headers`. See more info here: https://nextjs.org/docs/messages/dynamic-server-error",
  digest: 'DYNAMIC_SERVER_USAGE'
}
Activity widget error: n [Error]: Dynamic server usage: Route /api/dashboard/widgets/activity couldn't be rendered statically because it used `headers`. See more info here: https://nextjs.org/docs/messages/dynamic-server-error
    at l (/home/ubuntu/fyndr/nextjs_space/.build/server/chunks/9276.js:1:37220)
    at d (/home/ubuntu/fyndr/nextjs_space/.build/server/chunks/9637.js:25:27870)
    at s (/home/ubuntu/fyndr/nextjs_space/.build/server/chunks/9637.js:25:20859)
    at l (/home/ubuntu/fyndr/nextjs_space/.build/server/app/api/dashboard/widgets/activity/route.js:1:1303)
    at /home/ubuntu/fyndr/nextjs_space/node_modules/next/dist/compiled/next-server/app-route.runtime.prod.js:6:38417
    at /home/ubuntu/fyndr/nextjs_space/node_modules/next/dist/server/lib/trace/tracer.js:140:36
    at NoopContextManager.with (/home/ubuntu/fyndr/nextjs_space/node_modules/next/dist/compiled/@opentelemetry/api/index.js:1:7062)
    at ContextAPI.with (/home/ubuntu/fyndr/nextjs_space/node_modules/next/dist/compiled/@opentelemetry/api/index.js:1:518)
    at NoopTracer.startActiveSpan (/home/ubuntu/fyndr/nextjs_space/node_modules/next/dist/compiled/@opentelemetry/api/index.js:1:18093)
    at ProxyTracer.startActiveSpan (/home/ubuntu/fyndr/nextjs_space/node_modules/next/dist/compiled/@opentelemetry/api/index.js:1:18854)
    at /home/ubuntu/fyndr/nextjs_space/node_modules/next/dist/server/lib/trace/tracer.js:122:103
    at NoopContextManager.with (/home/ubuntu/fyndr/nextjs_space/node_modules/next/dist/compiled/@opentelemetry/api/index.js:1:7062)
    at ContextAPI.with (/home/ubuntu/fyndr/nextjs_space/node_modules/next/dist/compiled/@opentelemetry/api/index.js:1:518)
    at NextTracerImpl.trace (/home/ubuntu/fyndr/nextjs_space/node_modules/next/dist/server/lib/trace/tracer.js:122:28)
    at /home/ubuntu/fyndr/nextjs_space/node_modules/next/dist/compiled/next-server/app-route.runtime.prod.js:6:29925
    at AsyncLocalStorage.run (node:internal/async_local_storage/async_hooks:91:14) {
  description: "Route /api/dashboard/widgets/activity couldn't be rendered statically because it used `headers`. See more info here: https://nextjs.org/docs/messages/dynamic-server-error",
  digest: 'DYNAMIC_SERVER_USAGE'
}
Search widget error: n [Error]: Dynamic server usage: Route /api/dashboard/widgets/search couldn't be rendered statically because it used `headers`. See more info here: https://nextjs.org/docs/messages/dynamic-server-error
    at l (/home/ubuntu/fyndr/nextjs_space/.build/server/chunks/9276.js:1:37220)
    at d (/home/ubuntu/fyndr/nextjs_space/.build/server/chunks/9637.js:25:27870)
    at s (/home/ubuntu/fyndr/nextjs_space/.build/server/chunks/9637.js:25:20859)
    at l (/home/ubuntu/fyndr/nextjs_space/.build/server/app/api/dashboard/widgets/search/route.js:1:1306)
    at /home/ubuntu/fyndr/nextjs_space/node_modules/next/dist/compiled/next-server/app-route.runtime.prod.js:6:38417
    at /home/ubuntu/fyndr/nextjs_space/node_modules/next/dist/server/lib/trace/tracer.js:140:36
    at NoopContextManager.with (/home/ubuntu/fyndr/nextjs_space/node_modules/next/dist/compiled/@opentelemetry/api/index.js:1:7062)
    at ContextAPI.with (/home/ubuntu/fyndr/nextjs_space/node_modules/next/dist/compiled/@opentelemetry/api/index.js:1:518)
    at NoopTracer.startActiveSpan (/home/ubuntu/fyndr/nextjs_space/node_modules/next/dist/compiled/@opentelemetry/api/index.js:1:18093)
    at ProxyTracer.startActiveSpan (/home/ubuntu/fyndr/nextjs_space/node_modules/next/dist/compiled/@opentelemetry/api/index.js:1:18854)
    at /home/ubuntu/fyndr/nextjs_space/node_modules/next/dist/server/lib/trace/tracer.js:122:103
    at NoopContextManager.with (/home/ubuntu/fyndr/nextjs_space/node_modules/next/dist/compiled/@opentelemetry/api/index.js:1:7062)
    at ContextAPI.with (/home/ubuntu/fyndr/nextjs_space/node_modules/next/dist/compiled/@opentelemetry/api/index.js:1:518)
    at NextTracerImpl.trace (/home/ubuntu/fyndr/nextjs_space/node_modules/next/dist/server/lib/trace/tracer.js:122:28)
    at /home/ubuntu/fyndr/nextjs_space/node_modules/next/dist/compiled/next-server/app-route.runtime.prod.js:6:29925
    at AsyncLocalStorage.run (node:internal/async_local_storage/async_hooks:91:14) {
  description: "Route /api/dashboard/widgets/search couldn't be rendered statically because it used `headers`. See more info here: https://nextjs.org/docs/messages/dynamic-server-error",
  digest: 'DYNAMIC_SERVER_USAGE'
}
   Generating static pages (16/66) 
Pipeline widget error: n [Error]: Dynamic server usage: Route /api/dashboard/widgets/pipeline couldn't be rendered statically because it used `headers`. See more info here: https://nextjs.org/docs/messages/dynamic-server-error
    at l (/home/ubuntu/fyndr/nextjs_space/.build/server/chunks/9276.js:1:37220)
    at d (/home/ubuntu/fyndr/nextjs_space/.build/server/chunks/9637.js:25:27870)
    at s (/home/ubuntu/fyndr/nextjs_space/.build/server/chunks/9637.js:25:20859)
    at d (/home/ubuntu/fyndr/nextjs_space/.build/server/app/api/dashboard/widgets/pipeline/route.js:1:1304)
    at /home/ubuntu/fyndr/nextjs_space/node_modules/next/dist/compiled/next-server/app-route.runtime.prod.js:6:38417
    at /home/ubuntu/fyndr/nextjs_space/node_modules/next/dist/server/lib/trace/tracer.js:140:36
    at NoopContextManager.with (/home/ubuntu/fyndr/nextjs_space/node_modules/next/dist/compiled/@opentelemetry/api/index.js:1:7062)
    at ContextAPI.with (/home/ubuntu/fyndr/nextjs_space/node_modules/next/dist/compiled/@opentelemetry/api/index.js:1:518)
    at NoopTracer.startActiveSpan (/home/ubuntu/fyndr/nextjs_space/node_modules/next/dist/compiled/@opentelemetry/api/index.js:1:18093)
    at ProxyTracer.startActiveSpan (/home/ubuntu/fyndr/nextjs_space/node_modules/next/dist/compiled/@opentelemetry/api/index.js:1:18854) {
  description: "Route /api/dashboard/widgets/pipeline couldn't be rendered statically because it used `headers`. See more info here: https://nextjs.org/docs/messages/dynamic-server-error",
  digest: 'DYNAMIC_SERVER_USAGE'
}
Submissions widget error: n [Error]: Dynamic server usage: Route /api/dashboard/widgets/submissions couldn't be rendered statically because it used `headers`. See more info here: https://nextjs.org/docs/messages/dynamic-server-error
    at l (/home/ubuntu/fyndr/nextjs_space/.build/server/chunks/9276.js:1:37220)
    at d (/home/ubuntu/fyndr/nextjs_space/.build/server/chunks/9637.js:25:27870)
    at s (/home/ubuntu/fyndr/nextjs_space/.build/server/chunks/9637.js:25:20859)
    at p (/home/ubuntu/fyndr/nextjs_space/.build/server/app/api/dashboard/widgets/submissions/route.js:1:1305)
    at /home/ubuntu/fyndr/nextjs_space/node_modules/next/dist/compiled/next-server/app-route.runtime.prod.js:6:38417
    at /home/ubuntu/fyndr/nextjs_space/node_modules/next/dist/server/lib/trace/tracer.js:140:36
    at NoopContextManager.with (/home/ubuntu/fyndr/nextjs_space/node_modules/next/dist/compiled/@opentelemetry/api/index.js:1:7062)
    at ContextAPI.with (/home/ubuntu/fyndr/nextjs_space/node_modules/next/dist/compiled/@opentelemetry/api/index.js:1:518)
    at NoopTracer.startActiveSpan (/home/ubuntu/fyndr/nextjs_space/node_modules/next/dist/compiled/@opentelemetry/api/index.js:1:18093)
    at ProxyTracer.startActiveSpan (/home/ubuntu/fyndr/nextjs_space/node_modules/next/dist/compiled/@opentelemetry/api/index.js:1:18854) {
  description: "Route /api/dashboard/widgets/submissions couldn't be rendered statically because it used `headers`. See more info here: https://nextjs.org/docs/messages/dynamic-server-error",
  digest: 'DYNAMIC_SERVER_USAGE'
}
SLA widget error: n [Error]: Dynamic server usage: Route /api/dashboard/widgets/sla couldn't be rendered statically because it used `headers`. See more info here: https://nextjs.org/docs/messages/dynamic-server-error
    at l (/home/ubuntu/fyndr/nextjs_space/.build/server/chunks/9276.js:1:37220)
    at d (/home/ubuntu/fyndr/nextjs_space/.build/server/chunks/9637.js:25:27870)
    at s (/home/ubuntu/fyndr/nextjs_space/.build/server/chunks/9637.js:25:20859)
    at c (/home/ubuntu/fyndr/nextjs_space/.build/server/app/api/dashboard/widgets/sla/route.js:1:1317)
    at /home/ubuntu/fyndr/nextjs_space/node_modules/next/dist/compiled/next-server/app-route.runtime.prod.js:6:38417
    at /home/ubuntu/fyndr/nextjs_space/node_modules/next/dist/server/lib/trace/tracer.js:140:36
    at NoopContextManager.with (/home/ubuntu/fyndr/nextjs_space/node_modules/next/dist/compiled/@opentelemetry/api/index.js:1:7062)
    at ContextAPI.with (/home/ubuntu/fyndr/nextjs_space/node_modules/next/dist/compiled/@opentelemetry/api/index.js:1:518)
    at NoopTracer.startActiveSpan (/home/ubuntu/fyndr/nextjs_space/node_modules/next/dist/compiled/@opentelemetry/api/index.js:1:18093)
    at ProxyTracer.startActiveSpan (/home/ubuntu/fyndr/nextjs_space/node_modules/next/dist/compiled/@opentelemetry/api/index.js:1:18854)
    at /home/ubuntu/fyndr/nextjs_space/node_modules/next/dist/server/lib/trace/tracer.js:122:103
    at NoopContextManager.with (/home/ubuntu/fyndr/nextjs_space/node_modules/next/dist/compiled/@opentelemetry/api/index.js:1:7062)
    at ContextAPI.with (/home/ubuntu/fyndr/nextjs_space/node_modules/next/dist/compiled/@opentelemetry/api/index.js:1:518)
    at NextTracerImpl.trace (/home/ubuntu/fyndr/nextjs_space/node_modules/next/dist/server/lib/trace/tracer.js:122:28)
    at /home/ubuntu/fyndr/nextjs_space/node_modules/next/dist/compiled/next-server/app-route.runtime.prod.js:6:29925
    at AsyncLocalStorage.run (node:internal/async_local_storage/async_hooks:91:14) {
  description: "Route /api/dashboard/widgets/sla couldn't be rendered statically because it used `headers`. See more info here: https://nextjs.org/docs/messages/dynamic-server-error",
  digest: 'DYNAMIC_SERVER_USAGE'
}
Readiness widget error: n [Error]: Dynamic server usage: Route /api/dashboard/widgets/readiness couldn't be rendered statically because it used `headers`. See more info here: https://nextjs.org/docs/messages/dynamic-server-error
    at l (/home/ubuntu/fyndr/nextjs_space/.build/server/chunks/9276.js:1:37220)
    at d (/home/ubuntu/fyndr/nextjs_space/.build/server/chunks/9637.js:25:27870)
    at s (/home/ubuntu/fyndr/nextjs_space/.build/server/chunks/9637.js:25:20859)
    at l (/home/ubuntu/fyndr/nextjs_space/.build/server/app/api/dashboard/widgets/readiness/route.js:1:1306)
    at /home/ubuntu/fyndr/nextjs_space/node_modules/next/dist/compiled/next-server/app-route.runtime.prod.js:6:38417
    at /home/ubuntu/fyndr/nextjs_space/node_modules/next/dist/server/lib/trace/tracer.js:140:36
    at NoopContextManager.with (/home/ubuntu/fyndr/nextjs_space/node_modules/next/dist/compiled/@opentelemetry/api/index.js:1:7062)
    at ContextAPI.with (/home/ubuntu/fyndr/nextjs_space/node_modules/next/dist/compiled/@opentelemetry/api/index.js:1:518)
    at NoopTracer.startActiveSpan (/home/ubuntu/fyndr/nextjs_space/node_modules/next/dist/compiled/@opentelemetry/api/index.js:1:18093)
    at ProxyTracer.startActiveSpan (/home/ubuntu/fyndr/nextjs_space/node_modules/next/dist/compiled/@opentelemetry/api/index.js:1:18854) {
  description: "Route /api/dashboard/widgets/readiness couldn't be rendered statically because it used `headers`. See more info here: https://nextjs.org/docs/messages/dynamic-server-error",
  digest: 'DYNAMIC_SERVER_USAGE'
}
Timeline widget error: n [Error]: Dynamic server usage: Route /api/dashboard/widgets/timeline couldn't be rendered statically because it used `headers`. See more info here: https://nextjs.org/docs/messages/dynamic-server-error
    at l (/home/ubuntu/fyndr/nextjs_space/.build/server/chunks/9276.js:1:37220)
    at d (/home/ubuntu/fyndr/nextjs_space/.build/server/chunks/9637.js:25:27870)
    at s (/home/ubuntu/fyndr/nextjs_space/.build/server/chunks/9637.js:25:20859)
    at p (/home/ubuntu/fyndr/nextjs_space/.build/server/app/api/dashboard/widgets/timeline/route.js:1:1304)
    at /home/ubuntu/fyndr/nextjs_space/node_modules/next/dist/compiled/next-server/app-route.runtime.prod.js:6:38417
    at /home/ubuntu/fyndr/nextjs_space/node_modules/next/dist/server/lib/trace/tracer.js:140:36
    at NoopContextManager.with (/home/ubuntu/fyndr/nextjs_space/node_modules/next/dist/compiled/@opentelemetry/api/index.js:1:7062)
    at ContextAPI.with (/home/ubuntu/fyndr/nextjs_space/node_modules/next/dist/compiled/@opentelemetry/api/index.js:1:518)
    at NoopTracer.startActiveSpan (/home/ubuntu/fyndr/nextjs_space/node_modules/next/dist/compiled/@opentelemetry/api/index.js:1:18093)
    at ProxyTracer.startActiveSpan (/home/ubuntu/fyndr/nextjs_space/node_modules/next/dist/compiled/@opentelemetry/api/index.js:1:18854)
    at /home/ubuntu/fyndr/nextjs_space/node_modules/next/dist/server/lib/trace/tracer.js:122:103
    at NoopContextManager.with (/home/ubuntu/fyndr/nextjs_space/node_modules/next/dist/compiled/@opentelemetry/api/index.js:1:7062)
    at ContextAPI.with (/home/ubuntu/fyndr/nextjs_space/node_modules/next/dist/compiled/@opentelemetry/api/index.js:1:518)
    at NextTracerImpl.trace (/home/ubuntu/fyndr/nextjs_space/node_modules/next/dist/server/lib/trace/tracer.js:122:28)
    at /home/ubuntu/fyndr/nextjs_space/node_modules/next/dist/compiled/next-server/app-route.runtime.prod.js:6:29925
    at AsyncLocalStorage.run (node:internal/async_local_storage/async_hooks:91:14) {
  description: "Route /api/dashboard/widgets/timeline couldn't be rendered statically because it used `headers`. See more info here: https://nextjs.org/docs/messages/dynamic-server-error",
  digest: 'DYNAMIC_SERVER_USAGE'
}
Velocity widget error: n [Error]: Dynamic server usage: Route /api/dashboard/widgets/velocity couldn't be rendered statically because it used `headers`. See more info here: https://nextjs.org/docs/messages/dynamic-server-error
    at l (/home/ubuntu/fyndr/nextjs_space/.build/server/chunks/9276.js:1:37220)
    at d (/home/ubuntu/fyndr/nextjs_space/.build/server/chunks/9637.js:25:27870)
    at s (/home/ubuntu/fyndr/nextjs_space/.build/server/chunks/9637.js:25:20859)
    at d (/home/ubuntu/fyndr/nextjs_space/.build/server/app/api/dashboard/widgets/velocity/route.js:1:1304)
    at /home/ubuntu/fyndr/nextjs_space/node_modules/next/dist/compiled/next-server/app-route.runtime.prod.js:6:38417
    at /home/ubuntu/fyndr/nextjs_space/node_modules/next/dist/server/lib/trace/tracer.js:140:36
    at NoopContextManager.with (/home/ubuntu/fyndr/nextjs_space/node_modules/next/dist/compiled/@opentelemetry/api/index.js:1:7062)
    at ContextAPI.with (/home/ubuntu/fyndr/nextjs_space/node_modules/next/dist/compiled/@opentelemetry/api/index.js:1:518)
    at NoopTracer.startActiveSpan (/home/ubuntu/fyndr/nextjs_space/node_modules/next/dist/compiled/@opentelemetry/api/index.js:1:18093)
    at ProxyTracer.startActiveSpan (/home/ubuntu/fyndr/nextjs_space/node_modules/next/dist/compiled/@opentelemetry/api/index.js:1:18854)
    at /home/ubuntu/fyndr/nextjs_space/node_modules/next/dist/server/lib/trace/tracer.js:122:103
    at NoopContextManager.with (/home/ubuntu/fyndr/nextjs_space/node_modules/next/dist/compiled/@opentelemetry/api/index.js:1:7062)
    at ContextAPI.with (/home/ubuntu/fyndr/nextjs_space/node_modules/next/dist/compiled/@opentelemetry/api/index.js:1:518)
    at NextTracerImpl.trace (/home/ubuntu/fyndr/nextjs_space/node_modules/next/dist/server/lib/trace/tracer.js:122:28)
    at /home/ubuntu/fyndr/nextjs_space/node_modules/next/dist/compiled/next-server/app-route.runtime.prod.js:6:29925
    at AsyncLocalStorage.run (node:internal/async_local_storage/async_hooks:91:14) {
  description: "Route /api/dashboard/widgets/velocity couldn't be rendered statically because it used `headers`. See more info here: https://nextjs.org/docs/messages/dynamic-server-error",
  digest: 'DYNAMIC_SERVER_USAGE'
}
Error fetching unread count: n [Error]: Dynamic server usage: Route /api/notifications/unread-count couldn't be rendered statically because it used `headers`. See more info here: https://nextjs.org/docs/messages/dynamic-server-error
    at l (/home/ubuntu/fyndr/nextjs_space/.build/server/chunks/9276.js:1:37220)
    at d (/home/ubuntu/fyndr/nextjs_space/.build/server/chunks/9637.js:25:27870)
    at s (/home/ubuntu/fyndr/nextjs_space/.build/server/chunks/9637.js:25:20859)
    at c (/home/ubuntu/fyndr/nextjs_space/.build/server/app/api/notifications/unread-count/route.js:1:1328)
    at /home/ubuntu/fyndr/nextjs_space/node_modules/next/dist/compiled/next-server/app-route.runtime.prod.js:6:38417
    at /home/ubuntu/fyndr/nextjs_space/node_modules/next/dist/server/lib/trace/tracer.js:140:36
    at NoopContextManager.with (/home/ubuntu/fyndr/nextjs_space/node_modules/next/dist/compiled/@opentelemetry/api/index.js:1:7062)
    at ContextAPI.with (/home/ubuntu/fyndr/nextjs_space/node_modules/next/dist/compiled/@opentelemetry/api/index.js:1:518)
    at NoopTracer.startActiveSpan (/home/ubuntu/fyndr/nextjs_space/node_modules/next/dist/compiled/@opentelemetry/api/index.js:1:18093)
    at ProxyTracer.startActiveSpan (/home/ubuntu/fyndr/nextjs_space/node_modules/next/dist/compiled/@opentelemetry/api/index.js:1:18854)
    at /home/ubuntu/fyndr/nextjs_space/node_modules/next/dist/server/lib/trace/tracer.js:122:103
    at NoopContextManager.with (/home/ubuntu/fyndr/nextjs_space/node_modules/next/dist/compiled/@opentelemetry/api/index.js:1:7062)
    at ContextAPI.with (/home/ubuntu/fyndr/nextjs_space/node_modules/next/dist/compiled/@opentelemetry/api/index.js:1:518)
    at NextTracerImpl.trace (/home/ubuntu/fyndr/nextjs_space/node_modules/next/dist/server/lib/trace/tracer.js:122:28)
    at /home/ubuntu/fyndr/nextjs_space/node_modules/next/dist/compiled/next-server/app-route.runtime.prod.js:6:29925
    at AsyncLocalStorage.run (node:internal/async_local_storage/async_hooks:91:14) {
  description: "Route /api/notifications/unread-count couldn't be rendered statically because it used `headers`. See more info here: https://nextjs.org/docs/messages/dynamic-server-error",
  digest: 'DYNAMIC_SERVER_USAGE'
}
Search error: n [Error]: Dynamic server usage: Route /api/search couldn't be rendered statically because it used `headers`. See more info here: https://nextjs.org/docs/messages/dynamic-server-error
    at l (/home/ubuntu/fyndr/nextjs_space/.build/server/chunks/9276.js:1:37220)
    at d (/home/ubuntu/fyndr/nextjs_space/.build/server/chunks/9637.js:25:27870)
    at s (/home/ubuntu/fyndr/nextjs_space/.build/server/chunks/9637.js:25:20859)
    at u (/home/ubuntu/fyndr/nextjs_space/.build/server/app/api/search/route.js:1:1304)
    at /home/ubuntu/fyndr/nextjs_space/node_modules/next/dist/compiled/next-server/app-route.runtime.prod.js:6:38417
    at /home/ubuntu/fyndr/nextjs_space/node_modules/next/dist/server/lib/trace/tracer.js:140:36
    at NoopContextManager.with (/home/ubuntu/fyndr/nextjs_space/node_modules/next/dist/compiled/@opentelemetry/api/index.js:1:7062)
    at ContextAPI.with (/home/ubuntu/fyndr/nextjs_space/node_modules/next/dist/compiled/@opentelemetry/api/index.js:1:518)
    at NoopTracer.startActiveSpan (/home/ubuntu/fyndr/nextjs_space/node_modules/next/dist/compiled/@opentelemetry/api/index.js:1:18093)
    at ProxyTracer.startActiveSpan (/home/ubuntu/fyndr/nextjs_space/node_modules/next/dist/compiled/@opentelemetry/api/index.js:1:18854)
    at /home/ubuntu/fyndr/nextjs_space/node_modules/next/dist/server/lib/trace/tracer.js:122:103
    at NoopContextManager.with (/home/ubuntu/fyndr/nextjs_space/node_modules/next/dist/compiled/@opentelemetry/api/index.js:1:7062)
    at ContextAPI.with (/home/ubuntu/fyndr/nextjs_space/node_modules/next/dist/compiled/@opentelemetry/api/index.js:1:518)
    at NextTracerImpl.trace (/home/ubuntu/fyndr/nextjs_space/node_modules/next/dist/server/lib/trace/tracer.js:122:28)
    at /home/ubuntu/fyndr/nextjs_space/node_modules/next/dist/compiled/next-server/app-route.runtime.prod.js:6:29925
    at AsyncLocalStorage.run (node:internal/async_local_storage/async_hooks:91:14) {
  description: "Route /api/search couldn't be rendered statically because it used `headers`. See more info here: https://nextjs.org/docs/messages/dynamic-server-error",
  digest: 'DYNAMIC_SERVER_USAGE'
}
   Generating static pages (32/66) 
   Generating static pages (49/66) 
 ✓ Generating static pages (66/66)
   Finalizing page optimization ...
   Collecting build traces ...

Route (app)                                                               Size     First Load JS
┌ ƒ /                                                                     194 B          96.1 kB
├ ○ /_not-found                                                           876 B          88.1 kB
├ ƒ /api/attachments/[attachmentId]/download                              0 B                0 B
├ ƒ /api/attachments/[attachmentId]/meta                                  0 B                0 B
├ ƒ /api/attachments/[attachmentId]/text                                  0 B                0 B
├ ƒ /api/auth/[...nextauth]                                               0 B                0 B
├ ƒ /api/companies                                                        0 B                0 B
├ ƒ /api/companies/[id]                                                   0 B                0 B
├ ƒ /api/contacts                                                         0 B                0 B
├ ƒ /api/contacts/[id]                                                    0 B                0 B
├ ƒ /api/dashboard/activity                                               0 B                0 B
├ ƒ /api/dashboard/portfolio/overview                                     0 B                0 B
├ ƒ /api/dashboard/portfolio/risks                                        0 B                0 B
├ ƒ /api/dashboard/portfolio/suppliers                                    0 B                0 B
├ ƒ /api/dashboard/rfps                                                   0 B                0 B
├ ƒ /api/dashboard/rfps/[id]/activity                                     0 B                0 B
├ ƒ /api/dashboard/rfps/[id]/activity/export                              0 B                0 B
├ ƒ /api/dashboard/rfps/[id]/broadcasts                                   0 B                0 B
├ ƒ /api/dashboard/rfps/[id]/bundle/export                                0 B                0 B
├ ƒ /api/dashboard/rfps/[id]/comparison/ai-summary                        0 B                0 B
├ ƒ /api/dashboard/rfps/[id]/comparison/export                            0 B                0 B
├ ƒ /api/dashboard/rfps/[id]/comparison/readiness                         0 B                0 B
├ ƒ /api/dashboard/rfps/[id]/comparison/run                               0 B                0 B
├ ƒ /api/dashboard/rfps/[id]/decision-brief                               0 B                0 B
├ ƒ /api/dashboard/rfps/[id]/decision-brief/ai                            0 B                0 B
├ ƒ /api/dashboard/rfps/[id]/decision-brief/pdf                           0 B                0 B
├ ƒ /api/dashboard/rfps/[id]/matrix                                       0 B                0 B
├ ƒ /api/dashboard/rfps/[id]/qa/export                                    0 B                0 B
├ ƒ /api/dashboard/rfps/[id]/questions                                    0 B                0 B
├ ƒ /api/dashboard/rfps/[id]/responses                                    0 B                0 B
├ ƒ /api/dashboard/rfps/[id]/responses/[supplierContactId]/export         0 B                0 B
├ ƒ /api/dashboard/rfps/[id]/responses/[supplierContactId]/readiness      0 B                0 B
├ ƒ /api/dashboard/rfps/[id]/responses/[supplierContactId]/readiness/ai   0 B                0 B
├ ƒ /api/dashboard/rfps/[id]/responses/[supplierContactId]/readiness/run  0 B                0 B
├ ƒ /api/dashboard/rfps/[id]/responses/search                             0 B                0 B
├ ƒ /api/dashboard/rfps/[id]/suppliers/export                             0 B                0 B
├ ƒ /api/dashboard/rfps/[id]/tasks/export                                 0 B                0 B
├ ƒ /api/dashboard/rfps/[id]/timeline/export                              0 B                0 B
├ ƒ /api/dashboard/rfps/export                                            0 B                0 B
├ ƒ /api/dashboard/suppliers/[id]/scorecard                               0 B                0 B
├ ƒ /api/dashboard/suppliers/[id]/scorecard/ai-summary                    0 B                0 B
├ ƒ /api/dashboard/suppliers/[id]/scorecard/benchmarks                    0 B                0 B
├ ƒ /api/dashboard/suppliers/[id]/scorecard/export                        0 B                0 B
├ ƒ /api/dashboard/suppliers/[id]/scorecard/trends                        0 B                0 B
├ ƒ /api/dashboard/widgets/activity                                       0 B                0 B
├ ƒ /api/dashboard/widgets/ai-summary                                     0 B                0 B
├ ƒ /api/dashboard/widgets/comparison                                     0 B                0 B
├ ƒ /api/dashboard/widgets/coverage                                       0 B                0 B
├ ƒ /api/dashboard/widgets/exports                                        0 B                0 B
├ ƒ /api/dashboard/widgets/pipeline                                       0 B                0 B
├ ƒ /api/dashboard/widgets/pricing                                        0 B                0 B
├ ƒ /api/dashboard/widgets/questions                                      0 B                0 B
├ ƒ /api/dashboard/widgets/readiness                                      0 B                0 B
├ ƒ /api/dashboard/widgets/search                                         0 B                0 B
├ ƒ /api/dashboard/widgets/sla                                            0 B                0 B
├ ƒ /api/dashboard/widgets/submissions                                    0 B                0 B
├ ƒ /api/dashboard/widgets/timeline                                       0 B                0 B
├ ƒ /api/dashboard/widgets/velocity                                       0 B                0 B
├ ƒ /api/demo/seed                                                        0 B                0 B
├ ƒ /api/demo/status                                                      0 B                0 B
├ ƒ /api/notifications/[id]/read                                          0 B                0 B
├ ƒ /api/notifications/run                                                0 B                0 B
├ ƒ /api/notifications/unread-count                                       0 B                0 B
├ ƒ /api/rfps                                                             0 B                0 B
├ ƒ /api/rfps/[id]                                                        0 B                0 B
├ ƒ /api/rfps/[id]/actions/run                                            0 B                0 B
├ ƒ /api/rfps/[id]/compare/narrative                                      0 B                0 B
├ ƒ /api/rfps/[id]/compare/report                                         0 B                0 B
├ ƒ /api/rfps/[id]/score                                                  0 B                0 B
├ ƒ /api/rfps/[id]/share                                                  0 B                0 B
├ ƒ /api/rfps/[id]/summary                                                0 B                0 B
├ ƒ /api/rfps/[id]/suppliers                                              0 B                0 B
├ ƒ /api/rfps/[id]/suppliers/[supplierId]                                 0 B                0 B
├ ƒ /api/rfps/[id]/suppliers/[supplierId]/resend                          0 B                0 B
├ ƒ /api/rfps/[id]/tasks/generate                                         0 B                0 B
├ ƒ /api/rfps/[id]/validate-transition                                    0 B                0 B
├ ƒ /api/search                                                           0 B                0 B
├ ƒ /api/settings/notifications                                           0 B                0 B
├ ƒ /api/signup                                                           0 B                0 B
├ ƒ /api/supplier/responses/[responseId]/attachments/[attachmentId]       0 B                0 B
├ ƒ /api/supplier/responses/[responseId]/extract/all                      0 B                0 B
├ ƒ /api/supplier/responses/[responseId]/extract/compliance               0 B                0 B
├ ƒ /api/supplier/responses/[responseId]/extract/demo                     0 B                0 B
├ ƒ /api/supplier/responses/[responseId]/extract/diversity                0 B                0 B
├ ƒ /api/supplier/responses/[responseId]/extract/documents                0 B                0 B
├ ƒ /api/supplier/responses/[responseId]/extract/mandatories              0 B                0 B
├ ƒ /api/supplier/responses/[responseId]/extract/pricing                  0 B                0 B
├ ƒ /api/supplier/responses/[responseId]/extract/requirements             0 B                0 B
├ ƒ /api/supplier/responses/[responseId]/extract/risk-flags               0 B                0 B
├ ƒ /api/supplier/rfps/[id]/activity                                      0 B                0 B
├ ƒ /api/supplier/rfps/[id]/broadcasts                                    0 B                0 B
├ ƒ /api/supplier/rfps/[id]/questions                                     0 B                0 B
├ ƒ /api/supplier/rfps/[id]/readiness                                     0 B                0 B
├ ƒ /api/supplier/rfps/[id]/response                                      0 B                0 B
├ ƒ /api/supplier/rfps/[id]/response/attachments                          0 B                0 B
├ ƒ /api/supplier/rfps/[id]/response/export                               0 B                0 B
├ ƒ /api/supplier/rfps/[id]/response/submit                               0 B                0 B
├ ƒ /api/supplier/rfps/[id]/timeline                                      0 B                0 B
├ ƒ /api/supplier/validate-token                                          0 B                0 B
├ ƒ /api/suppliers                                                        0 B                0 B
├ ƒ /api/suppliers/[id]                                                   0 B                0 B
├ ƒ /api/tasks/[id]                                                       0 B                0 B
├ ƒ /api/user/password                                                    0 B                0 B
├ ƒ /api/user/profile                                                     0 B                0 B
├ ○ /companies                                                            180 B          87.4 kB
├ ƒ /companies/[id]                                                       180 B          87.4 kB
├ ƒ /companies/[id]/edit                                                  180 B          87.4 kB
├ ○ /companies/create                                                     180 B          87.4 kB
├ ƒ /dashboard                                                            194 B          96.1 kB
├ ƒ /dashboard/activity                                                   4.1 kB          100 kB
├ ƒ /dashboard/companies                                                  194 B          96.1 kB
├ ƒ /dashboard/companies/[id]                                             2.09 kB          98 kB
├ ƒ /dashboard/companies/[id]/edit                                        2.16 kB          98 kB
├ ƒ /dashboard/companies/new                                              2.14 kB          98 kB
├ ƒ /dashboard/notifications                                              2.67 kB        98.5 kB
├ ƒ /dashboard/portfolio                                                  3.88 kB         103 kB
├ ƒ /dashboard/rfps                                                       1.95 kB        97.8 kB
├ ƒ /dashboard/rfps/[id]                                                  19.3 kB         115 kB
├ ƒ /dashboard/rfps/[id]/activity                                         4.12 kB         100 kB
├ ƒ /dashboard/rfps/[id]/compare                                          6.69 kB         103 kB
├ ƒ /dashboard/rfps/[id]/decision-brief                                   4.42 kB         104 kB
├ ƒ /dashboard/rfps/[id]/edit                                             5.89 kB         102 kB
├ ƒ /dashboard/rfps/[id]/matrix                                           21.3 kB         117 kB
├ ƒ /dashboard/rfps/[id]/responses/[supplierContactId]                    175 kB          271 kB
├ ƒ /dashboard/rfps/[id]/responses/[supplierContactId]/readiness          3.96 kB        99.8 kB
├ ƒ /dashboard/rfps/board                                                 34.4 kB         130 kB
├ ƒ /dashboard/rfps/new                                                   2.78 kB        98.7 kB
├ ƒ /dashboard/settings                                                   2.58 kB        89.8 kB
├ ƒ /dashboard/settings/contacts                                          983 B          96.9 kB
├ ƒ /dashboard/settings/contacts/[id]                                     983 B          96.9 kB
├ ƒ /dashboard/settings/contacts/[id]/edit                                2.23 kB        98.1 kB
├ ƒ /dashboard/settings/contacts/new                                      2.19 kB        89.4 kB
├ ƒ /dashboard/settings/notifications                                     3.18 kB        90.4 kB
├ ƒ /dashboard/suppliers                                                  194 B          96.1 kB
├ ƒ /dashboard/suppliers/[id]                                             2.2 kB         98.1 kB
├ ƒ /dashboard/suppliers/[id]/edit                                        2.21 kB        98.1 kB
├ ƒ /dashboard/suppliers/[id]/scorecard                                   194 B          96.1 kB
├ ƒ /dashboard/suppliers/new                                              2.18 kB        98.1 kB
├ ƒ /login                                                                1.03 kB        97.8 kB
├ ○ /rfps                                                                 180 B          87.4 kB
├ ƒ /rfps/[id]                                                            180 B          87.4 kB
├ ƒ /rfps/[id]/edit                                                       180 B          87.4 kB
├ ○ /rfps/create                                                          180 B          87.4 kB
├ ○ /settings                                                             180 B          87.4 kB
├ ƒ /signup                                                               1.27 kB        98.1 kB
├ ƒ /supplier                                                             194 B          96.1 kB
├ ƒ /supplier/access                                                      2.17 kB          99 kB
├ ƒ /supplier/notifications                                               2.67 kB        98.6 kB
├ ƒ /supplier/rfps/[id]                                                   2.76 kB        98.6 kB
├ ƒ /supplier/rfps/[id]/activity                                          2.99 kB        98.9 kB
├ ƒ /supplier/rfps/[id]/questions                                         4 kB           99.9 kB
├ ƒ /supplier/rfps/[id]/readiness                                         3.23 kB        99.1 kB
├ ƒ /supplier/settings/notifications                                      3.11 kB        90.3 kB
├ ○ /suppliers                                                            180 B          87.4 kB
├ ƒ /suppliers/[id]                                                       180 B          87.4 kB
├ ƒ /suppliers/[id]/edit                                                  180 B          87.4 kB
└ ○ /suppliers/create                                                     180 B          87.4 kB
+ First Load JS shared by all                                             87.2 kB
  ├ chunks/2117-1214b91dc97c7299.js                                       31.6 kB
  ├ chunks/fd9d1056-9da96659f1c4ebf9.js                                   53.6 kB
  └ other shared chunks (total)                                           1.9 kB


ƒ Middleware                                                              49.5 kB

○  (Static)   prerendered as static content
ƒ  (Dynamic)  server-rendered on demand

